<?xml version="1.0" encoding="UTF-8"?>
<!-- Generated by org.testng.reporters.JUnitReportReporter -->
<testsuite hostname="COMPND-LTP-662" failures="0" tests="1" name="Amazon.PriorityTest" time="0.007" errors="0" timestamp="19 Nov 2021 15:21:51 GMT" skipped="0">
  <testcase classname="Amazon.PriorityTest" name="test2" time="0.007"/>
</testsuite> <!-- Amazon.PriorityTest -->
